<?xml version="1.0" encoding="UTF-8"?>
<testng-results ignored="0" total="2" passed="0" failed="1" skipped="1">
  <reporter-output>
  </reporter-output>
  <suite started-at="2026-07-21T23:56:38 IST" name="Default suite" finished-at="2026-07-21T23:56:38 IST" duration-ms="128">
    <groups>
      <group name="Purchase">
        <method signature="SubmitOrderTest2.submitOrder(java.util.HashMap)[pri:0, instance:SeleniumFrameworkPackage.Tests.SubmitOrderTest2@48075da3]" name="submitOrder" class="SeleniumFrameworkPackage.Tests.SubmitOrderTest2"/>
      </group> <!-- Purchase -->
    </groups>
    <test started-at="2026-07-21T23:56:38 IST" name="Default test" finished-at="2026-07-21T23:56:38 IST" duration-ms="128">
      <class name="SeleniumFrameworkPackage.Tests.SubmitOrderTest2">
        <test-method signature="submitOrder(java.util.HashMap)[pri:0, instance:SeleniumFrameworkPackage.Tests.SubmitOrderTest2@48075da3]" started-at="2026-07-21T23:56:38 IST" name="submitOrder" data-provider="getData" finished-at="2026-07-21T23:56:38 IST" duration-ms="35" status="FAIL">
          <exception class="org.testng.internal.reflect.MethodMatcherException">
            <message>
              <![CDATA[
[public void SeleniumFrameworkPackage.Tests.SubmitOrderTest2.submitOrder(java.util.HashMap) throws java.io.IOException] has no parameters defined but was found to be using a data provider (either explicitly specified or inherited from class level annotation).
Data provider mismatch
Method: submitOrder([java.util.HashMap<java.lang.String, java.lang.String> arg0])
Arguments: [(java.lang.String) javaselenium@gmail.com,(java.lang.String) Java1234,(java.lang.String) ZARA COAT 3]]]>
            </message>
            <full-stacktrace>
              <![CDATA[org.testng.internal.reflect.MethodMatcherException: 
[public void SeleniumFrameworkPackage.Tests.SubmitOrderTest2.submitOrder(java.util.HashMap) throws java.io.IOException] has no parameters defined but was found to be using a data provider (either explicitly specified or inherited from class level annotation).
Data provider mismatch
Method: submitOrder([java.util.HashMap<java.lang.String, java.lang.String> arg0])
Arguments: [(java.lang.String) javaselenium@gmail.com,(java.lang.String) Java1234,(java.lang.String) ZARA COAT 3]
at org.testng.internal.reflect.DataProviderMethodMatcher.getConformingArguments(DataProviderMethodMatcher.java:46)
at org.testng.internal.Parameters.injectParameters(Parameters.java:915)
at org.testng.internal.invokers.MethodRunner.runInSequence(MethodRunner.java:50)
at org.testng.internal.invokers.TestInvoker$MethodInvocationAgent.invoke(TestInvoker.java:992)
at org.testng.internal.invokers.TestInvoker.invokeTestMethods(TestInvoker.java:203)
at org.testng.internal.invokers.TestMethodWorker.invokeTestMethods(TestMethodWorker.java:154)
at org.testng.internal.invokers.TestMethodWorker.run(TestMethodWorker.java:134)
at java.base/java.util.ArrayList.forEach(ArrayList.java:1511)
at org.testng.TestRunner.privateRun(TestRunner.java:739)
at org.testng.TestRunner.run(TestRunner.java:614)
at org.testng.SuiteRunner.runTest(SuiteRunner.java:421)
at org.testng.SuiteRunner.runSequentially(SuiteRunner.java:413)
at org.testng.SuiteRunner.privateRun(SuiteRunner.java:373)
at org.testng.SuiteRunner.run(SuiteRunner.java:312)
at org.testng.SuiteRunnerWorker.runSuite(SuiteRunnerWorker.java:52)
at org.testng.SuiteRunnerWorker.run(SuiteRunnerWorker.java:95)
at org.testng.TestNG.runSuitesSequentially(TestNG.java:1274)
at org.testng.TestNG.runSuitesLocally(TestNG.java:1208)
at org.testng.TestNG.runSuites(TestNG.java:1112)
at org.testng.TestNG.run(TestNG.java:1079)
at org.testng.remote.AbstractRemoteTestNG.run(AbstractRemoteTestNG.java:115)
at org.testng.remote.RemoteTestNG.initAndRun(RemoteTestNG.java:293)
at org.testng.remote.RemoteTestNG.main(RemoteTestNG.java:91)
]]>
            </full-stacktrace>
          </exception> <!-- org.testng.internal.reflect.MethodMatcherException -->
          <reporter-output>
          </reporter-output>
        </test-method> <!-- submitOrder -->
        <test-method signature="OrderHistoryTest()[pri:0, instance:SeleniumFrameworkPackage.Tests.SubmitOrderTest2@48075da3]" started-at="2026-07-21T23:56:38 IST" name="OrderHistoryTest" finished-at="2026-07-21T23:56:38 IST" depends-on-methods="SeleniumFrameworkPackage.Tests.SubmitOrderTest2.submitOrder" duration-ms="0" status="SKIP">
          <exception class="java.lang.Throwable">
            <message>
              <![CDATA[Method SeleniumFrameworkPackage.Tests.SubmitOrderTest2.OrderHistoryTest() on instance SeleniumFrameworkPackage.Tests.SubmitOrderTest2@48075da3 depends on not successfully finished methods 
[SeleniumFrameworkPackage.Tests.SubmitOrderTest2.submitOrder() on instance SeleniumFrameworkPackage.Tests.SubmitOrderTest2@48075da3]]]>
            </message>
            <full-stacktrace>
              <![CDATA[java.lang.Throwable: Method SeleniumFrameworkPackage.Tests.SubmitOrderTest2.OrderHistoryTest() on instance SeleniumFrameworkPackage.Tests.SubmitOrderTest2@48075da3 depends on not successfully finished methods 
[SeleniumFrameworkPackage.Tests.SubmitOrderTest2.submitOrder() on instance SeleniumFrameworkPackage.Tests.SubmitOrderTest2@48075da3]
at org.testng.internal.invokers.TestInvoker.invokeTestMethods(TestInvoker.java:159)
at org.testng.internal.invokers.TestMethodWorker.invokeTestMethods(TestMethodWorker.java:154)
at org.testng.internal.invokers.TestMethodWorker.run(TestMethodWorker.java:134)
at java.base/java.util.ArrayList.forEach(ArrayList.java:1511)
at org.testng.TestRunner.privateRun(TestRunner.java:739)
at org.testng.TestRunner.run(TestRunner.java:614)
at org.testng.SuiteRunner.runTest(SuiteRunner.java:421)
at org.testng.SuiteRunner.runSequentially(SuiteRunner.java:413)
at org.testng.SuiteRunner.privateRun(SuiteRunner.java:373)
at org.testng.SuiteRunner.run(SuiteRunner.java:312)
at org.testng.SuiteRunnerWorker.runSuite(SuiteRunnerWorker.java:52)
at org.testng.SuiteRunnerWorker.run(SuiteRunnerWorker.java:95)
at org.testng.TestNG.runSuitesSequentially(TestNG.java:1274)
at org.testng.TestNG.runSuitesLocally(TestNG.java:1208)
at org.testng.TestNG.runSuites(TestNG.java:1112)
at org.testng.TestNG.run(TestNG.java:1079)
at org.testng.remote.AbstractRemoteTestNG.run(AbstractRemoteTestNG.java:115)
at org.testng.remote.RemoteTestNG.initAndRun(RemoteTestNG.java:293)
at org.testng.remote.RemoteTestNG.main(RemoteTestNG.java:91)
]]>
            </full-stacktrace>
          </exception> <!-- java.lang.Throwable -->
          <reporter-output>
          </reporter-output>
        </test-method> <!-- OrderHistoryTest -->
      </class> <!-- SeleniumFrameworkPackage.Tests.SubmitOrderTest2 -->
    </test> <!-- Default test -->
  </suite> <!-- Default suite -->
</testng-results>
