<?xml version="1.0" encoding="UTF-8"?>
<!-- Generated by org.testng.reporters.JUnitReportReporter -->
<testsuite hostname="DESKTOP-IM6SGSO" failures="0" tests="2" name="SeleniumFrameworkPackage.Tests.SubmitOrderTest2" time="0.035" errors="1" timestamp="2026-07-21T23:56:39 IST" skipped="1">
  <testcase classname="SeleniumFrameworkPackage.Tests.SubmitOrderTest2" name="submitOrder" time="0.035">
    <error message="
[public void SeleniumFrameworkPackage.Tests.SubmitOrderTest2.submitOrder(java.util.HashMap) throws java.io.IOException] has no parameters defined but was found to be using a data provider (either explicitly specified or inherited from class level annotation).
Data provider mismatch
Method: submitOrder([java.util.HashMap&lt;java.lang.String, java.lang.String&gt; arg0])
Arguments: [(java.lang.String) javaselenium@gmail.com,(java.lang.String) Java1234,(java.lang.String) ZARA COAT 3]" type="org.testng.internal.reflect.MethodMatcherException">
      <![CDATA[org.testng.internal.reflect.MethodMatcherException: 
[public void SeleniumFrameworkPackage.Tests.SubmitOrderTest2.submitOrder(java.util.HashMap) throws java.io.IOException] has no parameters defined but was found to be using a data provider (either explicitly specified or inherited from class level annotation).
Data provider mismatch
Method: submitOrder([java.util.HashMap<java.lang.String, java.lang.String> arg0])
Arguments: [(java.lang.String) javaselenium@gmail.com,(java.lang.String) Java1234,(java.lang.String) ZARA COAT 3]
at org.testng.internal.reflect.DataProviderMethodMatcher.getConformingArguments(DataProviderMethodMatcher.java:46)
at org.testng.internal.Parameters.injectParameters(Parameters.java:915)
at org.testng.internal.invokers.MethodRunner.runInSequence(MethodRunner.java:50)
at org.testng.internal.invokers.TestInvoker$MethodInvocationAgent.invoke(TestInvoker.java:992)
at org.testng.internal.invokers.TestInvoker.invokeTestMethods(TestInvoker.java:203)
at org.testng.internal.invokers.TestMethodWorker.invokeTestMethods(TestMethodWorker.java:154)
at org.testng.internal.invokers.TestMethodWorker.run(TestMethodWorker.java:134)
at java.base/java.util.ArrayList.forEach(ArrayList.java:1511)
at org.testng.TestRunner.privateRun(TestRunner.java:739)
at org.testng.TestRunner.run(TestRunner.java:614)
at org.testng.SuiteRunner.runTest(SuiteRunner.java:421)
at org.testng.SuiteRunner.runSequentially(SuiteRunner.java:413)
at org.testng.SuiteRunner.privateRun(SuiteRunner.java:373)
at org.testng.SuiteRunner.run(SuiteRunner.java:312)
at org.testng.SuiteRunnerWorker.runSuite(SuiteRunnerWorker.java:52)
at org.testng.SuiteRunnerWorker.run(SuiteRunnerWorker.java:95)
at org.testng.TestNG.runSuitesSequentially(TestNG.java:1274)
at org.testng.TestNG.runSuitesLocally(TestNG.java:1208)
at org.testng.TestNG.runSuites(TestNG.java:1112)
at org.testng.TestNG.run(TestNG.java:1079)
at org.testng.remote.AbstractRemoteTestNG.run(AbstractRemoteTestNG.java:115)
at org.testng.remote.RemoteTestNG.initAndRun(RemoteTestNG.java:293)
at org.testng.remote.RemoteTestNG.main(RemoteTestNG.java:91)
]]>
    </error>
  </testcase> <!-- submitOrder -->
  <testcase classname="SeleniumFrameworkPackage.Tests.SubmitOrderTest2" name="OrderHistoryTest" time="0.000">
    <skipped/>
  </testcase> <!-- OrderHistoryTest -->
</testsuite> <!-- SeleniumFrameworkPackage.Tests.SubmitOrderTest2 -->
