<?xml version="1.0" encoding="UTF-8"?>
<!-- Generated by org.testng.reporters.JUnitReportReporter -->
<testsuite hostname="DESKTOP-IM6SGSO" failures="0" tests="3" name="SeleniumFrameworkPackage.Tests.SubmitOrderTest" time="20.290" errors="0" timestamp="2024-11-21T09:04:56 IST" skipped="0">
  <testcase classname="SeleniumFrameworkPackage.Tests.SubmitOrderTest" name="submitOrder" time="6.978"/>
  <testcase classname="SeleniumFrameworkPackage.Tests.SubmitOrderTest" name="OrderHistoryTest" time="4.464"/>
  <testcase classname="SeleniumFrameworkPackage.Tests.SubmitOrderTest" name="submitOrder" time="8.848"/>
</testsuite> <!-- SeleniumFrameworkPackage.Tests.SubmitOrderTest -->
